[debug] [2019-10-08T09:57:23.337Z] ----------------------------------------------------------------------
[debug] [2019-10-08T09:57:23.342Z] Command:       C:\Program Files\nodejs\node.exe C:\Users\HIMANSHU\AppData\Roaming\npm\node_modules\firebase-tools\lib\bin\firebase.js init
[debug] [2019-10-08T09:57:23.343Z] CLI Version:   7.4.0
[debug] [2019-10-08T09:57:23.343Z] Platform:      win32
[debug] [2019-10-08T09:57:23.343Z] Node Version:  v10.16.3
[debug] [2019-10-08T09:57:23.359Z] Time:          Tue Oct 08 2019 15:27:23 GMT+0530 (India Standard Time)
[debug] [2019-10-08T09:57:23.360Z] ----------------------------------------------------------------------
[debug] 
[debug] [2019-10-08T09:57:23.391Z] > command requires scopes: ["email","openid","https://www.googleapis.com/auth/cloudplatformprojects.readonly","https://www.googleapis.com/auth/firebase","https://www.googleapis.com/auth/cloud-platform"]
[debug] [2019-10-08T09:57:23.393Z] > authorizing via signed-in user
[info] 
     ######## #### ########  ######## ########     ###     ######  ########
     ##        ##  ##     ## ##       ##     ##  ##   ##  ##       ##
     ######    ##  ########  ######   ########  #########  ######  ######
     ##        ##  ##    ##  ##       ##     ## ##     ##       ## ##
     ##       #### ##     ## ######## ########  ##     ##  ######  ########

You're about to initialize a Firebase project in this directory:

  D:\Projects\easy-order-manager

Before we get started, keep in mind:

  * You are initializing in an existing Firebase project directory

[info] 
=== Project Setup
[info] 
[info] First, let's associate this project directory with a Firebase project.
[info] You can create multiple project aliases by running firebase use --add, 
[info] but for now we'll just set up a default project.
[info] 
[info] i  .firebaserc already has a default project, using too-easy-order.
[debug] [2019-10-08T09:57:31.706Z] > refreshing access token with scopes: ["email","https://www.googleapis.com/auth/cloud-platform","https://www.googleapis.com/auth/cloudplatformprojects.readonly","https://www.googleapis.com/auth/firebase","openid"]
[debug] [2019-10-08T09:57:31.707Z] >>> HTTP REQUEST POST https://www.googleapis.com/oauth2/v3/token  
 <request body omitted>
[debug] [2019-10-08T09:57:31.932Z] <<< HTTP RESPONSE 200
[debug] [2019-10-08T09:57:31.940Z] >>> HTTP REQUEST GET https://firebase.googleapis.com/v1beta1/projects/too-easy-order  
 
[debug] [2019-10-08T09:57:32.452Z] <<< HTTP RESPONSE 200
[info] 
=== Hosting Setup
[info] 
[info] Your public directory is the folder (relative to your project directory) that
[info] will contain Hosting assets to be uploaded with firebase deploy. If you
[info] have a build process for your assets, use your build's output directory.
[info] 
